<?xml version="1.0" encoding="UTF-8"?>
<!-- Generated by org.testng.reporters.JUnitReportReporter -->
<testsuite hostname="Ashwin.local" name="com.testrunner.MailTest" tests="2" failures="0" timestamp="25 May 2017 14:53:59 GMT" time="64.825" errors="0">
  <testcase name="homePageTest" time="37.909" classname="com.testrunner.MailTest"/>
  <testcase name="searchPageTest" time="26.916" classname="com.testrunner.MailTest"/>
</testsuite> <!-- com.testrunner.MailTest -->
