<?xml version="1.0" encoding="UTF-8"?>
<!-- Generated by org.testng.reporters.JUnitReportReporter -->
<testsuite hostname="Vidhans-MacBook-Pro-2.local" name="com.testrunner.MailTest" tests="4" failures="0" timestamp="15 Jan 2017 18:22:12 GMT" time="98.101" errors="0">
  <testcase name="SendEmailTest" time="17.004" classname="com.testrunner.MailTest"/>
  <testcase name="signOutTest" time="18.429" classname="com.testrunner.MailTest"/>
  <testcase name="SendEmailTest" time="30.177" classname="com.testrunner.MailTest"/>
  <testcase name="signOutTest" time="32.491" classname="com.testrunner.MailTest"/>
</testsuite> <!-- com.testrunner.MailTest -->
