<?xml version="1.0" encoding="UTF-8"?>
<!-- Generated by org.testng.reporters.JUnitReportReporter -->
<testsuite hostname="Vidhans-MacBook-Pro-2.local" name="com.testrunner.MailTest" tests="4" failures="0" timestamp="15 Jan 2017 16:07:07 GMT" time="60.794" errors="0">
  <testcase name="SendEmailTest" time="15.348" classname="com.testrunner.MailTest"/>
  <testcase name="signOutTest" time="13.607" classname="com.testrunner.MailTest"/>
  <testcase name="SendEmailTest" time="19.525" classname="com.testrunner.MailTest"/>
  <testcase name="signOutTest" time="12.314" classname="com.testrunner.MailTest"/>
</testsuite> <!-- com.testrunner.MailTest -->
